app/build/intermediates/manifest_merge_blame_file/release/manifest-merger-blame-release-report.txt
1<?xml version="1.0" encoding="utf-8"?>
2<manifest xmlns:android="http://schemas.android.com/apk/res/android"
3    package="com.jio.server.aidl"
4    android:versionCode="1"
5    android:versionName="1.0" >
6
7    <uses-sdk
8        android:minSdkVersion="21"
8-->src\main\AndroidManifest.xml
9        android:targetSdkVersion="29" />
9-->src\main\AndroidManifest.xml
10
11    <application
11-->src\main\AndroidManifest.xml:5:5-28:19
12        android:allowBackup="true"
12-->src\main\AndroidManifest.xml:6:9-35
13        android:appComponentFactory="androidx.core.app.CoreComponentFactory"
13-->[androidx.core:core:1.3.1] AndroidManifest.xml:24:18-86
14        android:icon="@mipmap/ic_launcher"
14-->src\main\AndroidManifest.xml:7:9-43
15        android:label="@string/app_name"
15-->src\main\AndroidManifest.xml:8:9-41
16        android:roundIcon="@mipmap/ic_launcher"
16-->src\main\AndroidManifest.xml:9:9-48
17        android:supportsRtl="true"
17-->src\main\AndroidManifest.xml:10:9-35
18        android:theme="@style/Theme.MyApplication" >
18-->src\main\AndroidManifest.xml:11:9-51
19        <activity android:name="com.jio.server.aidl.MainActivity" >
19-->src\main\AndroidManifest.xml:12:9-18:20
19-->src\main\AndroidManifest.xml:12:19-47
20            <intent-filter>
20-->src\main\AndroidManifest.xml:13:13-17:29
21                <action android:name="android.intent.action.MAIN" />
21-->src\main\AndroidManifest.xml:14:17-69
21-->src\main\AndroidManifest.xml:14:25-66
22
23                <category android:name="android.intent.category.LAUNCHER" />
23-->src\main\AndroidManifest.xml:16:17-77
23-->src\main\AndroidManifest.xml:16:27-74
24            </intent-filter>
25        </activity>
26
27        <service
27-->src\main\AndroidManifest.xml:19:9-27:19
28            android:name="com.jio.server.aidl.service.ISdkCallerService"
28-->src\main\AndroidManifest.xml:20:13-73
29            android:enabled="true"
29-->src\main\AndroidManifest.xml:21:13-35
30            android:exported="true" >
30-->src\main\AndroidManifest.xml:22:13-36
31            <intent-filter>
31-->src\main\AndroidManifest.xml:23:13-26:29
32                <action android:name="com.jio.server.aidl.service.ISdkCallerService" />
32-->src\main\AndroidManifest.xml:24:17-88
32-->src\main\AndroidManifest.xml:24:25-85
33
34                <category android:name="android.intent.category.DEFAULT" />
34-->src\main\AndroidManifest.xml:25:17-76
34-->src\main\AndroidManifest.xml:25:27-73
35            </intent-filter>
36        </service>
37    </application>
38
39</manifest>